2 ERROR
3 ERROR
5 ERROR
14 ERROR
15 ERROR
30 ERROR
31 ERROR
34 ERROR
36 ERROR
37 ERROR
38 ERROR
41 ERROR
42 ERROR
47 ERROR
51 ERROR
52 ERROR
60 ERROR
66 ERROR
69 ERROR
79 ERROR
84 ERROR
85 ERROR
92 ERROR
95 ERROR
101 ERROR
102 ERROR
107 ERROR
108 ERROR
110 ERROR
112 ERROR
120 ERROR
121 ERROR
128 ERROR
131 ERROR
136 ERROR
141 ERROR
143 ERROR
144 ERROR
152 ERROR
169 ERROR
173 ERROR
180 ERROR
182 ERROR
190 ERROR
194 ERROR
204 ERROR
205 ERROR
207 ERROR
218 ERROR
229 ERROR
234 ERROR
247 ERROR
250 ERROR
252 ERROR
255 ERROR
256 ERROR
265 ERROR
276 ERROR
281 ERROR
282 ERROR
283 ERROR
304 ERROR
306 ERROR
309 ERROR
312 ERROR
314 ERROR
315 ERROR
319 ERROR
331 ERROR
335 ERROR
346 ERROR
355 ERROR
366 ERROR
375 ERROR
379 ERROR
381 ERROR
385 ERROR
386 ERROR
387 ERROR
389 ERROR
392 ERROR
394 ERROR
404 ERROR
408 ERROR
409 ERROR
412 ERROR
417 ERROR
420 ERROR
427 ERROR
428 ERROR
429 ERROR
430 ERROR
436 ERROR
440 ERROR
450 ERROR
459 ERROR
461 ERROR
463 ERROR
465 ERROR
466 ERROR
468 ERROR
469 ERROR
471 ERROR
473 ERROR
478 ERROR
480 ERROR
481 ERROR
492 ERROR
494 ERROR
497 ERROR
498 ERROR
500 ERROR
512 ERROR
514 ERROR
515 ERROR
519 ERROR
520 ERROR
528 ERROR
529 ERROR
533 ERROR
535 ERROR
543 ERROR
546 ERROR
552 ERROR
555 ERROR
559 ERROR
562 ERROR
564 ERROR
573 ERROR
575 ERROR
581 ERROR
582 ERROR
584 ERROR
587 ERROR
590 ERROR
595 ERROR
596 ERROR
616 ERROR
617 ERROR
623 ERROR
625 ERROR
628 ERROR
638 ERROR
643 ERROR
645 ERROR
655 ERROR
663 ERROR
664 ERROR
666 ERROR
671 ERROR
674 ERROR
675 ERROR
680 ERROR
683 ERROR
685 ERROR
689 ERROR
692 ERROR
697 ERROR
702 ERROR
704 ERROR
709 ERROR
712 ERROR
713 ERROR
714 ERROR
717 ERROR
721 ERROR
729 ERROR
730 ERROR
732 ERROR
749 ERROR
752 ERROR
757 ERROR
768 ERROR
781 ERROR
787 ERROR
791 ERROR
799 ERROR
803 ERROR
808 ERROR
811 ERROR
815 ERROR
817 ERROR
825 ERROR
827 ERROR
828 ERROR
832 ERROR
836 ERROR
838 ERROR
843 ERROR
844 ERROR
845 ERROR
847 ERROR
853 ERROR
854 ERROR
856 ERROR
865 ERROR
873 ERROR
879 ERROR
881 ERROR
888 ERROR
893 ERROR
898 ERROR
903 ERROR
904 ERROR
905 ERROR
924 ERROR
931 ERROR
936 ERROR
941 ERROR
942 ERROR
948 ERROR
950 ERROR
959 ERROR
960 ERROR
970 ERROR
991 ERROR
993 ERROR
